{
   "schema" : {
      "type" : "object",
      "title" : "post",
      "properties" : {
         "content" : {
            "context" : [
               "view",
               "edit"
            ],
            "description" : "The content for the object.",
            "properties" : {
               "protected" : {
                  "readonly" : true,
                  "context" : [
                     "view",
                     "edit",
                     "embed"
                  ],
                  "description" : "Whether the content is protected with a password.",
                  "type" : "boolean"
               },
               "rendered" : {
                  "description" : "HTML content for the object, transformed for display.",
                  "readonly" : true,
                  "context" : [
                     "view",
                     "edit"
                  ],
                  "type" : "string"
               },
               "raw" : {
                  "type" : "string",
                  "description" : "Content for the object, as it exists in the database.",
                  "context" : [
                     "edit"
                  ]
               }
            },
            "type" : "object"
         },
         "categories" : {
            "type" : "array",
            "description" : "The terms assigned to the object in the category taxonomy.",
            "context" : [
               "view",
               "edit"
            ]
         },
         "date_gmt" : {
            "context" : [
               "view",
               "edit"
            ],
            "description" : "The date the object was published, as GMT.",
            "format" : "date-time",
            "type" : "string"
         },
         "modified_gmt" : {
            "type" : "string",
            "format" : "date-time",
            "description" : "The date the object was last modified, as GMT.",
            "readonly" : true,
            "context" : [
               "view",
               "edit"
            ]
         },
         "meta" : {
            "properties" : [],
            "type" : "object",
            "context" : [
               "view",
               "edit"
            ],
            "description" : "Meta fields."
         },
         "tags" : {
            "context" : [
               "view",
               "edit"
            ],
            "description" : "The terms assigned to the object in the post_tag taxonomy.",
            "type" : "array"
         },
         "id" : {
            "readonly" : true,
            "context" : [
               "view",
               "edit",
               "embed"
            ],
            "description" : "Unique identifier for the object.",
            "type" : "integer"
         },
         "sticky" : {
            "description" : "Whether or not the object should be treated as sticky.",
            "context" : [
               "view",
               "edit"
            ],
            "type" : "boolean"
         },
         "format" : {
            "context" : [
               "view",
               "edit"
            ],
            "enum" : [
               "standard",
               "aside",
               "chat",
               "gallery",
               "link",
               "image",
               "quote",
               "status",
               "video",
               "audio"
            ],
            "description" : "The format for the object.",
            "type" : "string"
         },
         "title" : {
            "properties" : {
               "raw" : {
                  "context" : [
                     "edit"
                  ],
                  "description" : "Title for the object, as it exists in the database.",
                  "type" : "string"
               },
               "rendered" : {
                  "type" : "string",
                  "readonly" : true,
                  "context" : [
                     "view",
                     "edit",
                     "embed"
                  ],
                  "description" : "HTML title for the object, transformed for display."
               }
            },
            "type" : "object",
            "context" : [
               "view",
               "edit",
               "embed"
            ],
            "description" : "The title for the object."
         },
         "author_meta" : "null",
         "type" : {
            "context" : [
               "view",
               "edit",
               "embed"
            ],
            "readonly" : true,
            "description" : "Type of Post for the object.",
            "type" : "string"
         },
         "slug" : {
            "type" : "string",
            "context" : [
               "view",
               "edit",
               "embed"
            ],
            "description" : "An alphanumeric identifier for the object unique to its type."
         },
         "comment_status" : {
            "type" : "string",
            "description" : "Whether or not comments are open on the object.",
            "enum" : [
               "open",
               "closed"
            ],
            "context" : [
               "view",
               "edit"
            ]
         },
         "password" : {
            "description" : "A password to protect access to the content and excerpt.",
            "context" : [
               "edit"
            ],
            "type" : "string"
         },
         "ping_status" : {
            "type" : "string",
            "context" : [
               "view",
               "edit"
            ],
            "enum" : [
               "open",
               "closed"
            ],
            "description" : "Whether or not the object can be pinged."
         },
         "date" : {
            "format" : "date-time",
            "type" : "string",
            "context" : [
               "view",
               "edit",
               "embed"
            ],
            "description" : "The date the object was published, in the site's timezone."
         },
         "modified" : {
            "format" : "date-time",
            "type" : "string",
            "readonly" : true,
            "context" : [
               "view",
               "edit"
            ],
            "description" : "The date the object was last modified, in the site's timezone."
         },
         "link" : {
            "format" : "uri",
            "type" : "string",
            "readonly" : true,
            "context" : [
               "view",
               "edit",
               "embed"
            ],
            "description" : "URL to the object."
         },
         "status" : {
            "type" : "string",
            "enum" : [
               "publish",
               "future",
               "draft",
               "pending",
               "private"
            ],
            "context" : [
               "edit"
            ],
            "description" : "A named status for the object."
         },
         "author" : {
            "context" : [
               "view",
               "edit",
               "embed"
            ],
            "description" : "The id for the author of the object.",
            "type" : "integer"
         },
         "guid" : {
            "properties" : {
               "raw" : {
                  "description" : "GUID for the object, as it exists in the database.",
                  "context" : [
                     "edit"
                  ],
                  "readonly" : true,
                  "type" : "string"
               },
               "rendered" : {
                  "context" : [
                     "view",
                     "edit"
                  ],
                  "readonly" : true,
                  "description" : "GUID for the object, transformed for display.",
                  "type" : "string"
               }
            },
            "type" : "object",
            "context" : [
               "view",
               "edit"
            ],
            "readonly" : true,
            "description" : "The globally unique identifier for the object."
         },
         "excerpt" : {
            "context" : [
               "view",
               "edit",
               "embed"
            ],
            "description" : "The excerpt for the object.",
            "properties" : {
               "rendered" : {
                  "context" : [
                     "view",
                     "edit",
                     "embed"
                  ],
                  "readonly" : true,
                  "description" : "HTML excerpt for the object, transformed for display.",
                  "type" : "string"
               },
               "protected" : {
                  "type" : "boolean",
                  "description" : "Whether the excerpt is protected with a password.",
                  "context" : [
                     "view",
                     "edit",
                     "embed"
                  ],
                  "readonly" : true
               },
               "raw" : {
                  "type" : "string",
                  "description" : "Excerpt for the object, as it exists in the database.",
                  "context" : [
                     "edit"
                  ]
               }
            },
            "type" : "object"
         },
         "featured_media" : {
            "context" : [
               "view",
               "edit"
            ],
            "description" : "The id of the featured media for the object.",
            "type" : "integer"
         }
      },
      "$schema" : "http://json-schema.org/draft-04/schema#"
   },
   "endpoints" : [
      {
         "args" : {
            "status" : {
               "description" : "Limit result set to posts assigned a specific status; can be comma-delimited list of status types.",
               "default" : "publish",
               "required" : false,
               "enum" : [
                  "publish",
                  "future",
                  "draft",
                  "pending",
                  "private",
                  "trash",
                  "auto-draft",
                  "inherit",
                  "any"
               ]
            },
            "offset" : {
               "required" : false,
               "description" : "Offset the result set by a specific number of items."
            },
            "page" : {
               "default" : 1,
               "description" : "Current page of the collection.",
               "required" : false
            },
            "order" : {
               "required" : false,
               "enum" : [
                  "asc",
                  "desc"
               ],
               "description" : "Order sort attribute ascending or descending.",
               "default" : "desc"
            },
            "orderby" : {
               "default" : "date",
               "description" : "Sort collection by object attribute.",
               "required" : false,
               "enum" : [
                  "date",
                  "relevance",
                  "id",
                  "include",
                  "title",
                  "slug"
               ]
            },
            "author" : {
               "default" : [],
               "description" : "Limit result set to posts assigned to specific authors.",
               "required" : false
            },
            "per_page" : {
               "required" : false,
               "default" : 10,
               "description" : "Maximum number of items to be returned in result set."
            },
            "slug" : {
               "description" : "Limit result set to posts with a specific slug.",
               "required" : false
            },
            "after" : {
               "required" : false,
               "description" : "Limit response to resources published after a given ISO8601 compliant date."
            },
            "sticky" : {
               "required" : false,
               "description" : "Limit result set to items that are sticky."
            },
            "search" : {
               "required" : false,
               "description" : "Limit results to those matching a string."
            },
            "author_exclude" : {
               "default" : [],
               "description" : "Ensure result set excludes posts assigned to specific authors.",
               "required" : false
            },
            "context" : {
               "enum" : [
                  "view",
                  "embed",
                  "edit"
               ],
               "required" : false,
               "default" : "view",
               "description" : "Scope under which the request is made; determines fields present in response."
            },
            "filter" : {
               "description" : "Use WP Query arguments to modify the response; private query vars require appropriate authorization.",
               "required" : false
            },
            "categories" : {
               "required" : false,
               "default" : [],
               "description" : "Limit result set to all items that have the specified term assigned in the categories taxonomy."
            },
            "include" : {
               "required" : false,
               "default" : [],
               "description" : "Limit result set to specific ids."
            },
            "before" : {
               "required" : false,
               "description" : "Limit response to resources published before a given ISO8601 compliant date."
            },
            "exclude" : {
               "required" : false,
               "default" : [],
               "description" : "Ensure result set excludes specific ids."
            },
            "tags" : {
               "required" : false,
               "default" : [],
               "description" : "Limit result set to all items that have the specified term assigned in the tags taxonomy."
            }
         },
         "methods" : [
            "GET"
         ]
      },
      {
         "args" : {
            "comment_status" : {
               "description" : "Whether or not comments are open on the object.",
               "enum" : [
                  "open",
                  "closed"
               ],
               "required" : false
            },
            "slug" : {
               "description" : "An alphanumeric identifier for the object unique to its type.",
               "required" : false
            },
            "sticky" : {
               "description" : "Whether or not the object should be treated as sticky.",
               "required" : false
            },
            "title" : {
               "description" : "The title for the object.",
               "required" : false
            },
            "format" : {
               "required" : false,
               "enum" : [
                  "standard",
                  "aside",
                  "chat",
                  "gallery",
                  "link",
                  "image",
                  "quote",
                  "status",
                  "video",
                  "audio"
               ],
               "description" : "The format for the object."
            },
            "meta" : {
               "description" : "Meta fields.",
               "required" : false
            },
            "tags" : {
               "required" : false,
               "description" : "The terms assigned to the object in the post_tag taxonomy."
            },
            "categories" : {
               "description" : "The terms assigned to the object in the category taxonomy.",
               "required" : false
            },
            "date_gmt" : {
               "description" : "The date the object was published, as GMT.",
               "required" : false
            },
            "content" : {
               "description" : "The content for the object.",
               "required" : false
            },
            "excerpt" : {
               "required" : false,
               "description" : "The excerpt for the object."
            },
            "featured_media" : {
               "required" : false,
               "description" : "The id of the featured media for the object."
            },
            "author" : {
               "description" : "The id for the author of the object.",
               "required" : false
            },
            "status" : {
               "required" : false,
               "enum" : [
                  "publish",
                  "future",
                  "draft",
                  "pending",
                  "private"
               ],
               "description" : "A named status for the object."
            },
            "date" : {
               "required" : false,
               "description" : "The date the object was published, in the site's timezone."
            },
            "password" : {
               "required" : false,
               "description" : "A password to protect access to the content and excerpt."
            },
            "ping_status" : {
               "description" : "Whether or not the object can be pinged.",
               "enum" : [
                  "open",
                  "closed"
               ],
               "required" : false
            }
         },
         "methods" : [
            "POST"
         ]
      }
   ],
   "_links" : {
      "self" : "http://mydomino.dreamhosters.com/wp-json/wp/v2/posts"
   },
   "namespace" : "wp/v2",
   "methods" : [
      "GET",
      "POST"
   ]
}
